[2026-04-05 16:41:02] local.ERROR: file_put_contents(C:\Users\UseR\Cyber-Bit-Byte-Welfare-Association-Website\storage\framework/sessions/tSh287XxO955tl4G8xnQboQAUZVksuqSqptEcQbQ): Failed to open stream: No such file or directory {"exception":"[object] (ErrorException(code: 0): file_put_contents(C:\\Users\\UseR\\Cyber-Bit-Byte-Welfare-Association-Website\\storage\\framework/sessions/tSh287XxO955tl4G8xnQboQAUZVksuqSqptEcQbQ): Failed to open stream: No such file or directory at /mnt/c/Users/UseR/Cyber-Bit-Byte-Welfare-Association-Website/vendor/laravel/framework/src/Illuminate/Filesystem/Filesystem.php:204)
[stacktrace]
#0 /mnt/c/Users/UseR/Cyber-Bit-Byte-Welfare-Association-Website/vendor/laravel/framework/src/Illuminate/Foundation/Bootstrap/HandleExceptions.php(255): Illuminate\\Foundation\\Bootstrap\\HandleExceptions->handleError()
#1 [internal function]: Illuminate\\Foundation\\Bootstrap\\HandleExceptions->Illuminate\\Foundation\\Bootstrap\\{closure}()
#2 /mnt/c/Users/UseR/Cyber-Bit-Byte-Welfare-Association-Website/vendor/laravel/framework/src/Illuminate/Filesystem/Filesystem.php(204): file_put_contents()
#3 /mnt/c/Users/UseR/Cyber-Bit-Byte-Welfare-Association-Website/vendor/laravel/framework/src/Illuminate/Session/FileSessionHandler.php(90): Illuminate\\Filesystem\\Filesystem->put()
#4 /mnt/c/Users/UseR/Cyber-Bit-Byte-Welfare-Association-Website/vendor/laravel/framework/src/Illuminate/Session/Store.php(179): Illuminate\\Session\\FileSessionHandler->write()
#5 /mnt/c/Users/UseR/Cyber-Bit-Byte-Welfare-Association-Website/vendor/laravel/framework/src/Illuminate/Session/Middleware/StartSession.php(245): Illuminate\\Session\\Store->save()
#6 /mnt/c/Users/UseR/Cyber-Bit-Byte-Welfare-Association-Website/vendor/laravel/framework/src/Illuminate/Session/Middleware/StartSession.php(130): Illuminate\\Session\\Middleware\\StartSession->saveSession()
#7 /mnt/c/Users/UseR/Cyber-Bit-Byte-Welfare-Association-Website/vendor/laravel/framework/src/Illuminate/Session/Middleware/StartSession.php(64): Illuminate\\Session\\Middleware\\StartSession->handleStatefulRequest()
#8 /mnt/c/Users/UseR/Cyber-Bit-Byte-Welfare-Association-Website/vendor/laravel/framework/src/Illuminate/Pipeline/Pipeline.php(183): Illuminate\\Session\\Middleware\\StartSession->handle()
#9 /mnt/c/Users/UseR/Cyber-Bit-Byte-Welfare-Association-Website/vendor/laravel/framework/src/Illuminate/Cookie/Middleware/AddQueuedCookiesToResponse.php(37): Illuminate\\Pipeline\\Pipeline->Illuminate\\Pipeline\\{closure}()
#10 /mnt/c/Users/UseR/Cyber-Bit-Byte-Welfare-Association-Website/vendor/laravel/framework/src/Illuminate/Pipeline/Pipeline.php(183): Illuminate\\Cookie\\Middleware\\AddQueuedCookiesToResponse->handle()
#11 /mnt/c/Users/UseR/Cyber-Bit-Byte-Welfare-Association-Website/vendor/laravel/framework/src/Illuminate/Cookie/Middleware/EncryptCookies.php(67): Illuminate\\Pipeline\\Pipeline->Illuminate\\Pipeline\\{closure}()
#12 /mnt/c/Users/UseR/Cyber-Bit-Byte-Welfare-Association-Website/vendor/laravel/framework/src/Illuminate/Pipeline/Pipeline.php(183): Illuminate\\Cookie\\Middleware\\EncryptCookies->handle()
#13 /mnt/c/Users/UseR/Cyber-Bit-Byte-Welfare-Association-Website/vendor/laravel/framework/src/Illuminate/Pipeline/Pipeline.php(119): Illuminate\\Pipeline\\Pipeline->Illuminate\\Pipeline\\{closure}()
#14 /mnt/c/Users/UseR/Cyber-Bit-Byte-Welfare-Association-Website/vendor/laravel/framework/src/Illuminate/Routing/Router.php(805): Illuminate\\Pipeline\\Pipeline->then()
#15 /mnt/c/Users/UseR/Cyber-Bit-Byte-Welfare-Association-Website/vendor/laravel/framework/src/Illuminate/Routing/Router.php(784): Illuminate\\Routing\\Router->runRouteWithinStack()
#16 /mnt/c/Users/UseR/Cyber-Bit-Byte-Welfare-Association-Website/vendor/laravel/framework/src/Illuminate/Routing/Router.php(748): Illuminate\\Routing\\Router->runRoute()
#17 /mnt/c/Users/UseR/Cyber-Bit-Byte-Welfare-Association-Website/vendor/laravel/framework/src/Illuminate/Routing/Router.php(737): Illuminate\\Routing\\Router->dispatchToRoute()
#18 /mnt/c/Users/UseR/Cyber-Bit-Byte-Welfare-Association-Website/vendor/laravel/framework/src/Illuminate/Foundation/Http/Kernel.php(200): Illuminate\\Routing\\Router->dispatch()
#19 /mnt/c/Users/UseR/Cyber-Bit-Byte-Welfare-Association-Website/vendor/laravel/framework/src/Illuminate/Pipeline/Pipeline.php(144): Illuminate\\Foundation\\Http\\Kernel->Illuminate\\Foundation\\Http\\{closure}()
#20 /mnt/c/Users/UseR/Cyber-Bit-Byte-Welfare-Association-Website/vendor/livewire/livewire/src/Features/SupportDisablingBackButtonCache/DisableBackButtonCacheMiddleware.php(19): Illuminate\\Pipeline\\Pipeline->Illuminate\\Pipeline\\{closure}()
#21 /mnt/c/Users/UseR/Cyber-Bit-Byte-Welfare-Association-Website/vendor/laravel/framework/src/Illuminate/Pipeline/Pipeline.php(183): Livewire\\Features\\SupportDisablingBackButtonCache\\DisableBackButtonCacheMiddleware->handle()
#22 /mnt/c/Users/UseR/Cyber-Bit-Byte-Welfare-Association-Website/vendor/laravel/framework/src/Illuminate/Foundation/Http/Middleware/ConvertEmptyStringsToNull.php(27): Illuminate\\Pipeline\\Pipeline->Illuminate\\Pipeline\\{closure}()
#23 /mnt/c/Users/UseR/Cyber-Bit-Byte-Welfare-Association-Website/vendor/laravel/framework/src/Illuminate/Pipeline/Pipeline.php(183): Illuminate\\Foundation\\Http\\Middleware\\ConvertEmptyStringsToNull->handle()
#24 /mnt/c/Users/UseR/Cyber-Bit-Byte-Welfare-Association-Website/vendor/laravel/framework/src/Illuminate/Foundation/Http/Middleware/TrimStrings.php(36): Illuminate\\Pipeline\\Pipeline->Illuminate\\Pipeline\\{closure}()
#25 /mnt/c/Users/UseR/Cyber-Bit-Byte-Welfare-Association-Website/vendor/laravel/framework/src/Illuminate/Pipeline/Pipeline.php(183): Illuminate\\Foundation\\Http\\Middleware\\TrimStrings->handle()
#26 /mnt/c/Users/UseR/Cyber-Bit-Byte-Welfare-Association-Website/vendor/laravel/framework/src/Illuminate/Foundation/Http/Middleware/ValidatePostSize.php(27): Illuminate\\Pipeline\\Pipeline->Illuminate\\Pipeline\\{closure}()
#27 /mnt/c/Users/UseR/Cyber-Bit-Byte-Welfare-Association-Website/vendor/laravel/framework/src/Illuminate/Pipeline/Pipeline.php(183): Illuminate\\Foundation\\Http\\Middleware\\ValidatePostSize->handle()
#28 /mnt/c/Users/UseR/Cyber-Bit-Byte-Welfare-Association-Website/vendor/laravel/framework/src/Illuminate/Foundation/Http/Middleware/PreventRequestsDuringMaintenance.php(99): Illuminate\\Pipeline\\Pipeline->Illuminate\\Pipeline\\{closure}()
#29 /mnt/c/Users/UseR/Cyber-Bit-Byte-Welfare-Association-Website/vendor/laravel/framework/src/Illuminate/Pipeline/Pipeline.php(183): Illuminate\\Foundation\\Http\\Middleware\\PreventRequestsDuringMaintenance->handle()
#30 /mnt/c/Users/UseR/Cyber-Bit-Byte-Welfare-Association-Website/vendor/laravel/framework/src/Illuminate/Http/Middleware/HandleCors.php(49): Illuminate\\Pipeline\\Pipeline->Illuminate\\Pipeline\\{closure}()
#31 /mnt/c/Users/UseR/Cyber-Bit-Byte-Welfare-Association-Website/vendor/laravel/framework/src/Illuminate/Pipeline/Pipeline.php(183): Illuminate\\Http\\Middleware\\HandleCors->handle()
#32 /mnt/c/Users/UseR/Cyber-Bit-Byte-Welfare-Association-Website/vendor/laravel/framework/src/Illuminate/Http/Middleware/TrustProxies.php(39): Illuminate\\Pipeline\\Pipeline->Illuminate\\Pipeline\\{closure}()
#33 /mnt/c/Users/UseR/Cyber-Bit-Byte-Welfare-Association-Website/vendor/laravel/framework/src/Illuminate/Pipeline/Pipeline.php(183): Illuminate\\Http\\Middleware\\TrustProxies->handle()
#34 /mnt/c/Users/UseR/Cyber-Bit-Byte-Welfare-Association-Website/vendor/laravel/framework/src/Illuminate/Pipeline/Pipeline.php(119): Illuminate\\Pipeline\\Pipeline->Illuminate\\Pipeline\\{closure}()
#35 /mnt/c/Users/UseR/Cyber-Bit-Byte-Welfare-Association-Website/vendor/laravel/framework/src/Illuminate/Foundation/Http/Kernel.php(175): Illuminate\\Pipeline\\Pipeline->then()
#36 /mnt/c/Users/UseR/Cyber-Bit-Byte-Welfare-Association-Website/vendor/laravel/framework/src/Illuminate/Foundation/Http/Kernel.php(144): Illuminate\\Foundation\\Http\\Kernel->sendRequestThroughRouter()
#37 /mnt/c/Users/UseR/Cyber-Bit-Byte-Welfare-Association-Website/public/index.php(51): Illuminate\\Foundation\\Http\\Kernel->handle()
#38 /mnt/c/Users/UseR/Cyber-Bit-Byte-Welfare-Association-Website/vendor/laravel/framework/src/Illuminate/Foundation/resources/server.php(16): require_once('...')
#39 {main}
"} 
[2026-04-05 16:41:49] local.ERROR: file_put_contents(C:\Users\UseR\Cyber-Bit-Byte-Welfare-Association-Website\storage\framework/sessions/tSh287XxO955tl4G8xnQboQAUZVksuqSqptEcQbQ): Failed to open stream: No such file or directory {"exception":"[object] (ErrorException(code: 0): file_put_contents(C:\\Users\\UseR\\Cyber-Bit-Byte-Welfare-Association-Website\\storage\\framework/sessions/tSh287XxO955tl4G8xnQboQAUZVksuqSqptEcQbQ): Failed to open stream: No such file or directory at /mnt/c/Users/UseR/Cyber-Bit-Byte-Welfare-Association-Website/vendor/laravel/framework/src/Illuminate/Filesystem/Filesystem.php:204)
[stacktrace]
#0 /mnt/c/Users/UseR/Cyber-Bit-Byte-Welfare-Association-Website/vendor/laravel/framework/src/Illuminate/Foundation/Bootstrap/HandleExceptions.php(255): Illuminate\\Foundation\\Bootstrap\\HandleExceptions->handleError()
#1 [internal function]: Illuminate\\Foundation\\Bootstrap\\HandleExceptions->Illuminate\\Foundation\\Bootstrap\\{closure}()
#2 /mnt/c/Users/UseR/Cyber-Bit-Byte-Welfare-Association-Website/vendor/laravel/framework/src/Illuminate/Filesystem/Filesystem.php(204): file_put_contents()
#3 /mnt/c/Users/UseR/Cyber-Bit-Byte-Welfare-Association-Website/vendor/laravel/framework/src/Illuminate/Session/FileSessionHandler.php(90): Illuminate\\Filesystem\\Filesystem->put()
#4 /mnt/c/Users/UseR/Cyber-Bit-Byte-Welfare-Association-Website/vendor/laravel/framework/src/Illuminate/Session/Store.php(179): Illuminate\\Session\\FileSessionHandler->write()
#5 /mnt/c/Users/UseR/Cyber-Bit-Byte-Welfare-Association-Website/vendor/laravel/framework/src/Illuminate/Session/Middleware/StartSession.php(245): Illuminate\\Session\\Store->save()
#6 /mnt/c/Users/UseR/Cyber-Bit-Byte-Welfare-Association-Website/vendor/laravel/framework/src/Illuminate/Session/Middleware/StartSession.php(130): Illuminate\\Session\\Middleware\\StartSession->saveSession()
#7 /mnt/c/Users/UseR/Cyber-Bit-Byte-Welfare-Association-Website/vendor/laravel/framework/src/Illuminate/Session/Middleware/StartSession.php(64): Illuminate\\Session\\Middleware\\StartSession->handleStatefulRequest()
#8 /mnt/c/Users/UseR/Cyber-Bit-Byte-Welfare-Association-Website/vendor/laravel/framework/src/Illuminate/Pipeline/Pipeline.php(183): Illuminate\\Session\\Middleware\\StartSession->handle()
#9 /mnt/c/Users/UseR/Cyber-Bit-Byte-Welfare-Association-Website/vendor/laravel/framework/src/Illuminate/Cookie/Middleware/AddQueuedCookiesToResponse.php(37): Illuminate\\Pipeline\\Pipeline->Illuminate\\Pipeline\\{closure}()
#10 /mnt/c/Users/UseR/Cyber-Bit-Byte-Welfare-Association-Website/vendor/laravel/framework/src/Illuminate/Pipeline/Pipeline.php(183): Illuminate\\Cookie\\Middleware\\AddQueuedCookiesToResponse->handle()
#11 /mnt/c/Users/UseR/Cyber-Bit-Byte-Welfare-Association-Website/vendor/laravel/framework/src/Illuminate/Cookie/Middleware/EncryptCookies.php(67): Illuminate\\Pipeline\\Pipeline->Illuminate\\Pipeline\\{closure}()
#12 /mnt/c/Users/UseR/Cyber-Bit-Byte-Welfare-Association-Website/vendor/laravel/framework/src/Illuminate/Pipeline/Pipeline.php(183): Illuminate\\Cookie\\Middleware\\EncryptCookies->handle()
#13 /mnt/c/Users/UseR/Cyber-Bit-Byte-Welfare-Association-Website/vendor/laravel/framework/src/Illuminate/Pipeline/Pipeline.php(119): Illuminate\\Pipeline\\Pipeline->Illuminate\\Pipeline\\{closure}()
#14 /mnt/c/Users/UseR/Cyber-Bit-Byte-Welfare-Association-Website/vendor/laravel/framework/src/Illuminate/Routing/Router.php(805): Illuminate\\Pipeline\\Pipeline->then()
#15 /mnt/c/Users/UseR/Cyber-Bit-Byte-Welfare-Association-Website/vendor/laravel/framework/src/Illuminate/Routing/Router.php(784): Illuminate\\Routing\\Router->runRouteWithinStack()
#16 /mnt/c/Users/UseR/Cyber-Bit-Byte-Welfare-Association-Website/vendor/laravel/framework/src/Illuminate/Routing/Router.php(748): Illuminate\\Routing\\Router->runRoute()
#17 /mnt/c/Users/UseR/Cyber-Bit-Byte-Welfare-Association-Website/vendor/laravel/framework/src/Illuminate/Routing/Router.php(737): Illuminate\\Routing\\Router->dispatchToRoute()
#18 /mnt/c/Users/UseR/Cyber-Bit-Byte-Welfare-Association-Website/vendor/laravel/framework/src/Illuminate/Foundation/Http/Kernel.php(200): Illuminate\\Routing\\Router->dispatch()
#19 /mnt/c/Users/UseR/Cyber-Bit-Byte-Welfare-Association-Website/vendor/laravel/framework/src/Illuminate/Pipeline/Pipeline.php(144): Illuminate\\Foundation\\Http\\Kernel->Illuminate\\Foundation\\Http\\{closure}()
#20 /mnt/c/Users/UseR/Cyber-Bit-Byte-Welfare-Association-Website/vendor/livewire/livewire/src/Features/SupportDisablingBackButtonCache/DisableBackButtonCacheMiddleware.php(19): Illuminate\\Pipeline\\Pipeline->Illuminate\\Pipeline\\{closure}()
#21 /mnt/c/Users/UseR/Cyber-Bit-Byte-Welfare-Association-Website/vendor/laravel/framework/src/Illuminate/Pipeline/Pipeline.php(183): Livewire\\Features\\SupportDisablingBackButtonCache\\DisableBackButtonCacheMiddleware->handle()
#22 /mnt/c/Users/UseR/Cyber-Bit-Byte-Welfare-Association-Website/vendor/laravel/framework/src/Illuminate/Foundation/Http/Middleware/ConvertEmptyStringsToNull.php(27): Illuminate\\Pipeline\\Pipeline->Illuminate\\Pipeline\\{closure}()
#23 /mnt/c/Users/UseR/Cyber-Bit-Byte-Welfare-Association-Website/vendor/laravel/framework/src/Illuminate/Pipeline/Pipeline.php(183): Illuminate\\Foundation\\Http\\Middleware\\ConvertEmptyStringsToNull->handle()
#24 /mnt/c/Users/UseR/Cyber-Bit-Byte-Welfare-Association-Website/vendor/laravel/framework/src/Illuminate/Foundation/Http/Middleware/TrimStrings.php(36): Illuminate\\Pipeline\\Pipeline->Illuminate\\Pipeline\\{closure}()
#25 /mnt/c/Users/UseR/Cyber-Bit-Byte-Welfare-Association-Website/vendor/laravel/framework/src/Illuminate/Pipeline/Pipeline.php(183): Illuminate\\Foundation\\Http\\Middleware\\TrimStrings->handle()
#26 /mnt/c/Users/UseR/Cyber-Bit-Byte-Welfare-Association-Website/vendor/laravel/framework/src/Illuminate/Foundation/Http/Middleware/ValidatePostSize.php(27): Illuminate\\Pipeline\\Pipeline->Illuminate\\Pipeline\\{closure}()
#27 /mnt/c/Users/UseR/Cyber-Bit-Byte-Welfare-Association-Website/vendor/laravel/framework/src/Illuminate/Pipeline/Pipeline.php(183): Illuminate\\Foundation\\Http\\Middleware\\ValidatePostSize->handle()
#28 /mnt/c/Users/UseR/Cyber-Bit-Byte-Welfare-Association-Website/vendor/laravel/framework/src/Illuminate/Foundation/Http/Middleware/PreventRequestsDuringMaintenance.php(99): Illuminate\\Pipeline\\Pipeline->Illuminate\\Pipeline\\{closure}()
#29 /mnt/c/Users/UseR/Cyber-Bit-Byte-Welfare-Association-Website/vendor/laravel/framework/src/Illuminate/Pipeline/Pipeline.php(183): Illuminate\\Foundation\\Http\\Middleware\\PreventRequestsDuringMaintenance->handle()
#30 /mnt/c/Users/UseR/Cyber-Bit-Byte-Welfare-Association-Website/vendor/laravel/framework/src/Illuminate/Http/Middleware/HandleCors.php(49): Illuminate\\Pipeline\\Pipeline->Illuminate\\Pipeline\\{closure}()
#31 /mnt/c/Users/UseR/Cyber-Bit-Byte-Welfare-Association-Website/vendor/laravel/framework/src/Illuminate/Pipeline/Pipeline.php(183): Illuminate\\Http\\Middleware\\HandleCors->handle()
#32 /mnt/c/Users/UseR/Cyber-Bit-Byte-Welfare-Association-Website/vendor/laravel/framework/src/Illuminate/Http/Middleware/TrustProxies.php(39): Illuminate\\Pipeline\\Pipeline->Illuminate\\Pipeline\\{closure}()
#33 /mnt/c/Users/UseR/Cyber-Bit-Byte-Welfare-Association-Website/vendor/laravel/framework/src/Illuminate/Pipeline/Pipeline.php(183): Illuminate\\Http\\Middleware\\TrustProxies->handle()
#34 /mnt/c/Users/UseR/Cyber-Bit-Byte-Welfare-Association-Website/vendor/laravel/framework/src/Illuminate/Pipeline/Pipeline.php(119): Illuminate\\Pipeline\\Pipeline->Illuminate\\Pipeline\\{closure}()
#35 /mnt/c/Users/UseR/Cyber-Bit-Byte-Welfare-Association-Website/vendor/laravel/framework/src/Illuminate/Foundation/Http/Kernel.php(175): Illuminate\\Pipeline\\Pipeline->then()
#36 /mnt/c/Users/UseR/Cyber-Bit-Byte-Welfare-Association-Website/vendor/laravel/framework/src/Illuminate/Foundation/Http/Kernel.php(144): Illuminate\\Foundation\\Http\\Kernel->sendRequestThroughRouter()
#37 /mnt/c/Users/UseR/Cyber-Bit-Byte-Welfare-Association-Website/public/index.php(51): Illuminate\\Foundation\\Http\\Kernel->handle()
#38 /mnt/c/Users/UseR/Cyber-Bit-Byte-Welfare-Association-Website/vendor/laravel/framework/src/Illuminate/Foundation/resources/server.php(16): require_once('...')
#39 {main}
"} 
[2026-04-05 16:41:53] local.ERROR: file_put_contents(C:\Users\UseR\Cyber-Bit-Byte-Welfare-Association-Website\storage\framework/sessions/tSh287XxO955tl4G8xnQboQAUZVksuqSqptEcQbQ): Failed to open stream: No such file or directory {"exception":"[object] (ErrorException(code: 0): file_put_contents(C:\\Users\\UseR\\Cyber-Bit-Byte-Welfare-Association-Website\\storage\\framework/sessions/tSh287XxO955tl4G8xnQboQAUZVksuqSqptEcQbQ): Failed to open stream: No such file or directory at /mnt/c/Users/UseR/Cyber-Bit-Byte-Welfare-Association-Website/vendor/laravel/framework/src/Illuminate/Filesystem/Filesystem.php:204)
[stacktrace]
#0 /mnt/c/Users/UseR/Cyber-Bit-Byte-Welfare-Association-Website/vendor/laravel/framework/src/Illuminate/Foundation/Bootstrap/HandleExceptions.php(255): Illuminate\\Foundation\\Bootstrap\\HandleExceptions->handleError()
#1 [internal function]: Illuminate\\Foundation\\Bootstrap\\HandleExceptions->Illuminate\\Foundation\\Bootstrap\\{closure}()
#2 /mnt/c/Users/UseR/Cyber-Bit-Byte-Welfare-Association-Website/vendor/laravel/framework/src/Illuminate/Filesystem/Filesystem.php(204): file_put_contents()
#3 /mnt/c/Users/UseR/Cyber-Bit-Byte-Welfare-Association-Website/vendor/laravel/framework/src/Illuminate/Session/FileSessionHandler.php(90): Illuminate\\Filesystem\\Filesystem->put()
#4 /mnt/c/Users/UseR/Cyber-Bit-Byte-Welfare-Association-Website/vendor/laravel/framework/src/Illuminate/Session/Store.php(179): Illuminate\\Session\\FileSessionHandler->write()
#5 /mnt/c/Users/UseR/Cyber-Bit-Byte-Welfare-Association-Website/vendor/laravel/framework/src/Illuminate/Session/Middleware/StartSession.php(245): Illuminate\\Session\\Store->save()
#6 /mnt/c/Users/UseR/Cyber-Bit-Byte-Welfare-Association-Website/vendor/laravel/framework/src/Illuminate/Session/Middleware/StartSession.php(130): Illuminate\\Session\\Middleware\\StartSession->saveSession()
#7 /mnt/c/Users/UseR/Cyber-Bit-Byte-Welfare-Association-Website/vendor/laravel/framework/src/Illuminate/Session/Middleware/StartSession.php(64): Illuminate\\Session\\Middleware\\StartSession->handleStatefulRequest()
#8 /mnt/c/Users/UseR/Cyber-Bit-Byte-Welfare-Association-Website/vendor/laravel/framework/src/Illuminate/Pipeline/Pipeline.php(183): Illuminate\\Session\\Middleware\\StartSession->handle()
#9 /mnt/c/Users/UseR/Cyber-Bit-Byte-Welfare-Association-Website/vendor/laravel/framework/src/Illuminate/Cookie/Middleware/AddQueuedCookiesToResponse.php(37): Illuminate\\Pipeline\\Pipeline->Illuminate\\Pipeline\\{closure}()
#10 /mnt/c/Users/UseR/Cyber-Bit-Byte-Welfare-Association-Website/vendor/laravel/framework/src/Illuminate/Pipeline/Pipeline.php(183): Illuminate\\Cookie\\Middleware\\AddQueuedCookiesToResponse->handle()
#11 /mnt/c/Users/UseR/Cyber-Bit-Byte-Welfare-Association-Website/vendor/laravel/framework/src/Illuminate/Cookie/Middleware/EncryptCookies.php(67): Illuminate\\Pipeline\\Pipeline->Illuminate\\Pipeline\\{closure}()
#12 /mnt/c/Users/UseR/Cyber-Bit-Byte-Welfare-Association-Website/vendor/laravel/framework/src/Illuminate/Pipeline/Pipeline.php(183): Illuminate\\Cookie\\Middleware\\EncryptCookies->handle()
#13 /mnt/c/Users/UseR/Cyber-Bit-Byte-Welfare-Association-Website/vendor/filament/filament/src/Http/Middleware/SetUpPanel.php(19): Illuminate\\Pipeline\\Pipeline->Illuminate\\Pipeline\\{closure}()
#14 /mnt/c/Users/UseR/Cyber-Bit-Byte-Welfare-Association-Website/vendor/laravel/framework/src/Illuminate/Pipeline/Pipeline.php(183): Filament\\Http\\Middleware\\SetUpPanel->handle()
#15 /mnt/c/Users/UseR/Cyber-Bit-Byte-Welfare-Association-Website/vendor/laravel/framework/src/Illuminate/Pipeline/Pipeline.php(119): Illuminate\\Pipeline\\Pipeline->Illuminate\\Pipeline\\{closure}()
#16 /mnt/c/Users/UseR/Cyber-Bit-Byte-Welfare-Association-Website/vendor/laravel/framework/src/Illuminate/Routing/Router.php(805): Illuminate\\Pipeline\\Pipeline->then()
#17 /mnt/c/Users/UseR/Cyber-Bit-Byte-Welfare-Association-Website/vendor/laravel/framework/src/Illuminate/Routing/Router.php(784): Illuminate\\Routing\\Router->runRouteWithinStack()
#18 /mnt/c/Users/UseR/Cyber-Bit-Byte-Welfare-Association-Website/vendor/laravel/framework/src/Illuminate/Routing/Router.php(748): Illuminate\\Routing\\Router->runRoute()
#19 /mnt/c/Users/UseR/Cyber-Bit-Byte-Welfare-Association-Website/vendor/laravel/framework/src/Illuminate/Routing/Router.php(737): Illuminate\\Routing\\Router->dispatchToRoute()
#20 /mnt/c/Users/UseR/Cyber-Bit-Byte-Welfare-Association-Website/vendor/laravel/framework/src/Illuminate/Foundation/Http/Kernel.php(200): Illuminate\\Routing\\Router->dispatch()
#21 /mnt/c/Users/UseR/Cyber-Bit-Byte-Welfare-Association-Website/vendor/laravel/framework/src/Illuminate/Pipeline/Pipeline.php(144): Illuminate\\Foundation\\Http\\Kernel->Illuminate\\Foundation\\Http\\{closure}()
#22 /mnt/c/Users/UseR/Cyber-Bit-Byte-Welfare-Association-Website/vendor/livewire/livewire/src/Features/SupportDisablingBackButtonCache/DisableBackButtonCacheMiddleware.php(19): Illuminate\\Pipeline\\Pipeline->Illuminate\\Pipeline\\{closure}()
#23 /mnt/c/Users/UseR/Cyber-Bit-Byte-Welfare-Association-Website/vendor/laravel/framework/src/Illuminate/Pipeline/Pipeline.php(183): Livewire\\Features\\SupportDisablingBackButtonCache\\DisableBackButtonCacheMiddleware->handle()
#24 /mnt/c/Users/UseR/Cyber-Bit-Byte-Welfare-Association-Website/vendor/laravel/framework/src/Illuminate/Foundation/Http/Middleware/TransformsRequest.php(21): Illuminate\\Pipeline\\Pipeline->Illuminate\\Pipeline\\{closure}()
#25 /mnt/c/Users/UseR/Cyber-Bit-Byte-Welfare-Association-Website/vendor/laravel/framework/src/Illuminate/Foundation/Http/Middleware/ConvertEmptyStringsToNull.php(31): Illuminate\\Foundation\\Http\\Middleware\\TransformsRequest->handle()
#26 /mnt/c/Users/UseR/Cyber-Bit-Byte-Welfare-Association-Website/vendor/laravel/framework/src/Illuminate/Pipeline/Pipeline.php(183): Illuminate\\Foundation\\Http\\Middleware\\ConvertEmptyStringsToNull->handle()
#27 /mnt/c/Users/UseR/Cyber-Bit-Byte-Welfare-Association-Website/vendor/laravel/framework/src/Illuminate/Foundation/Http/Middleware/TransformsRequest.php(21): Illuminate\\Pipeline\\Pipeline->Illuminate\\Pipeline\\{closure}()
#28 /mnt/c/Users/UseR/Cyber-Bit-Byte-Welfare-Association-Website/vendor/laravel/framework/src/Illuminate/Foundation/Http/Middleware/TrimStrings.php(40): Illuminate\\Foundation\\Http\\Middleware\\TransformsRequest->handle()
#29 /mnt/c/Users/UseR/Cyber-Bit-Byte-Welfare-Association-Website/vendor/laravel/framework/src/Illuminate/Pipeline/Pipeline.php(183): Illuminate\\Foundation\\Http\\Middleware\\TrimStrings->handle()
#30 /mnt/c/Users/UseR/Cyber-Bit-Byte-Welfare-Association-Website/vendor/laravel/framework/src/Illuminate/Foundation/Http/Middleware/ValidatePostSize.php(27): Illuminate\\Pipeline\\Pipeline->Illuminate\\Pipeline\\{closure}()
#31 /mnt/c/Users/UseR/Cyber-Bit-Byte-Welfare-Association-Website/vendor/laravel/framework/src/Illuminate/Pipeline/Pipeline.php(183): Illuminate\\Foundation\\Http\\Middleware\\ValidatePostSize->handle()
#32 /mnt/c/Users/UseR/Cyber-Bit-Byte-Welfare-Association-Website/vendor/laravel/framework/src/Illuminate/Foundation/Http/Middleware/PreventRequestsDuringMaintenance.php(99): Illuminate\\Pipeline\\Pipeline->Illuminate\\Pipeline\\{closure}()
#33 /mnt/c/Users/UseR/Cyber-Bit-Byte-Welfare-Association-Website/vendor/laravel/framework/src/Illuminate/Pipeline/Pipeline.php(183): Illuminate\\Foundation\\Http\\Middleware\\PreventRequestsDuringMaintenance->handle()
#34 /mnt/c/Users/UseR/Cyber-Bit-Byte-Welfare-Association-Website/vendor/laravel/framework/src/Illuminate/Http/Middleware/HandleCors.php(49): Illuminate\\Pipeline\\Pipeline->Illuminate\\Pipeline\\{closure}()
#35 /mnt/c/Users/UseR/Cyber-Bit-Byte-Welfare-Association-Website/vendor/laravel/framework/src/Illuminate/Pipeline/Pipeline.php(183): Illuminate\\Http\\Middleware\\HandleCors->handle()
#36 /mnt/c/Users/UseR/Cyber-Bit-Byte-Welfare-Association-Website/vendor/laravel/framework/src/Illuminate/Http/Middleware/TrustProxies.php(39): Illuminate\\Pipeline\\Pipeline->Illuminate\\Pipeline\\{closure}()
#37 /mnt/c/Users/UseR/Cyber-Bit-Byte-Welfare-Association-Website/vendor/laravel/framework/src/Illuminate/Pipeline/Pipeline.php(183): Illuminate\\Http\\Middleware\\TrustProxies->handle()
#38 /mnt/c/Users/UseR/Cyber-Bit-Byte-Welfare-Association-Website/vendor/laravel/framework/src/Illuminate/Pipeline/Pipeline.php(119): Illuminate\\Pipeline\\Pipeline->Illuminate\\Pipeline\\{closure}()
#39 /mnt/c/Users/UseR/Cyber-Bit-Byte-Welfare-Association-Website/vendor/laravel/framework/src/Illuminate/Foundation/Http/Kernel.php(175): Illuminate\\Pipeline\\Pipeline->then()
#40 /mnt/c/Users/UseR/Cyber-Bit-Byte-Welfare-Association-Website/vendor/laravel/framework/src/Illuminate/Foundation/Http/Kernel.php(144): Illuminate\\Foundation\\Http\\Kernel->sendRequestThroughRouter()
#41 /mnt/c/Users/UseR/Cyber-Bit-Byte-Welfare-Association-Website/public/index.php(51): Illuminate\\Foundation\\Http\\Kernel->handle()
#42 /mnt/c/Users/UseR/Cyber-Bit-Byte-Welfare-Association-Website/vendor/laravel/framework/src/Illuminate/Foundation/resources/server.php(16): require_once('...')
#43 {main}
"} 
[2026-04-05 16:42:18] local.ERROR: file_put_contents(C:\Users\UseR\Cyber-Bit-Byte-Welfare-Association-Website\storage\framework/sessions/tSh287XxO955tl4G8xnQboQAUZVksuqSqptEcQbQ): Failed to open stream: No such file or directory {"exception":"[object] (ErrorException(code: 0): file_put_contents(C:\\Users\\UseR\\Cyber-Bit-Byte-Welfare-Association-Website\\storage\\framework/sessions/tSh287XxO955tl4G8xnQboQAUZVksuqSqptEcQbQ): Failed to open stream: No such file or directory at /mnt/c/Users/UseR/Cyber-Bit-Byte-Welfare-Association-Website/vendor/laravel/framework/src/Illuminate/Filesystem/Filesystem.php:204)
[stacktrace]
#0 /mnt/c/Users/UseR/Cyber-Bit-Byte-Welfare-Association-Website/vendor/laravel/framework/src/Illuminate/Foundation/Bootstrap/HandleExceptions.php(255): Illuminate\\Foundation\\Bootstrap\\HandleExceptions->handleError()
#1 [internal function]: Illuminate\\Foundation\\Bootstrap\\HandleExceptions->Illuminate\\Foundation\\Bootstrap\\{closure}()
#2 /mnt/c/Users/UseR/Cyber-Bit-Byte-Welfare-Association-Website/vendor/laravel/framework/src/Illuminate/Filesystem/Filesystem.php(204): file_put_contents()
#3 /mnt/c/Users/UseR/Cyber-Bit-Byte-Welfare-Association-Website/vendor/laravel/framework/src/Illuminate/Session/FileSessionHandler.php(90): Illuminate\\Filesystem\\Filesystem->put()
#4 /mnt/c/Users/UseR/Cyber-Bit-Byte-Welfare-Association-Website/vendor/laravel/framework/src/Illuminate/Session/Store.php(179): Illuminate\\Session\\FileSessionHandler->write()
#5 /mnt/c/Users/UseR/Cyber-Bit-Byte-Welfare-Association-Website/vendor/laravel/framework/src/Illuminate/Session/Middleware/StartSession.php(245): Illuminate\\Session\\Store->save()
#6 /mnt/c/Users/UseR/Cyber-Bit-Byte-Welfare-Association-Website/vendor/laravel/framework/src/Illuminate/Session/Middleware/StartSession.php(130): Illuminate\\Session\\Middleware\\StartSession->saveSession()
#7 /mnt/c/Users/UseR/Cyber-Bit-Byte-Welfare-Association-Website/vendor/laravel/framework/src/Illuminate/Session/Middleware/StartSession.php(64): Illuminate\\Session\\Middleware\\StartSession->handleStatefulRequest()
#8 /mnt/c/Users/UseR/Cyber-Bit-Byte-Welfare-Association-Website/vendor/laravel/framework/src/Illuminate/Pipeline/Pipeline.php(183): Illuminate\\Session\\Middleware\\StartSession->handle()
#9 /mnt/c/Users/UseR/Cyber-Bit-Byte-Welfare-Association-Website/vendor/laravel/framework/src/Illuminate/Cookie/Middleware/AddQueuedCookiesToResponse.php(37): Illuminate\\Pipeline\\Pipeline->Illuminate\\Pipeline\\{closure}()
#10 /mnt/c/Users/UseR/Cyber-Bit-Byte-Welfare-Association-Website/vendor/laravel/framework/src/Illuminate/Pipeline/Pipeline.php(183): Illuminate\\Cookie\\Middleware\\AddQueuedCookiesToResponse->handle()
#11 /mnt/c/Users/UseR/Cyber-Bit-Byte-Welfare-Association-Website/vendor/laravel/framework/src/Illuminate/Cookie/Middleware/EncryptCookies.php(67): Illuminate\\Pipeline\\Pipeline->Illuminate\\Pipeline\\{closure}()
#12 /mnt/c/Users/UseR/Cyber-Bit-Byte-Welfare-Association-Website/vendor/laravel/framework/src/Illuminate/Pipeline/Pipeline.php(183): Illuminate\\Cookie\\Middleware\\EncryptCookies->handle()
#13 /mnt/c/Users/UseR/Cyber-Bit-Byte-Welfare-Association-Website/vendor/filament/filament/src/Http/Middleware/SetUpPanel.php(19): Illuminate\\Pipeline\\Pipeline->Illuminate\\Pipeline\\{closure}()
#14 /mnt/c/Users/UseR/Cyber-Bit-Byte-Welfare-Association-Website/vendor/laravel/framework/src/Illuminate/Pipeline/Pipeline.php(183): Filament\\Http\\Middleware\\SetUpPanel->handle()
#15 /mnt/c/Users/UseR/Cyber-Bit-Byte-Welfare-Association-Website/vendor/laravel/framework/src/Illuminate/Pipeline/Pipeline.php(119): Illuminate\\Pipeline\\Pipeline->Illuminate\\Pipeline\\{closure}()
#16 /mnt/c/Users/UseR/Cyber-Bit-Byte-Welfare-Association-Website/vendor/laravel/framework/src/Illuminate/Routing/Router.php(805): Illuminate\\Pipeline\\Pipeline->then()
#17 /mnt/c/Users/UseR/Cyber-Bit-Byte-Welfare-Association-Website/vendor/laravel/framework/src/Illuminate/Routing/Router.php(784): Illuminate\\Routing\\Router->runRouteWithinStack()
#18 /mnt/c/Users/UseR/Cyber-Bit-Byte-Welfare-Association-Website/vendor/laravel/framework/src/Illuminate/Routing/Router.php(748): Illuminate\\Routing\\Router->runRoute()
#19 /mnt/c/Users/UseR/Cyber-Bit-Byte-Welfare-Association-Website/vendor/laravel/framework/src/Illuminate/Routing/Router.php(737): Illuminate\\Routing\\Router->dispatchToRoute()
#20 /mnt/c/Users/UseR/Cyber-Bit-Byte-Welfare-Association-Website/vendor/laravel/framework/src/Illuminate/Foundation/Http/Kernel.php(200): Illuminate\\Routing\\Router->dispatch()
#21 /mnt/c/Users/UseR/Cyber-Bit-Byte-Welfare-Association-Website/vendor/laravel/framework/src/Illuminate/Pipeline/Pipeline.php(144): Illuminate\\Foundation\\Http\\Kernel->Illuminate\\Foundation\\Http\\{closure}()
#22 /mnt/c/Users/UseR/Cyber-Bit-Byte-Welfare-Association-Website/vendor/livewire/livewire/src/Features/SupportDisablingBackButtonCache/DisableBackButtonCacheMiddleware.php(19): Illuminate\\Pipeline\\Pipeline->Illuminate\\Pipeline\\{closure}()
#23 /mnt/c/Users/UseR/Cyber-Bit-Byte-Welfare-Association-Website/vendor/laravel/framework/src/Illuminate/Pipeline/Pipeline.php(183): Livewire\\Features\\SupportDisablingBackButtonCache\\DisableBackButtonCacheMiddleware->handle()
#24 /mnt/c/Users/UseR/Cyber-Bit-Byte-Welfare-Association-Website/vendor/laravel/framework/src/Illuminate/Foundation/Http/Middleware/TransformsRequest.php(21): Illuminate\\Pipeline\\Pipeline->Illuminate\\Pipeline\\{closure}()
#25 /mnt/c/Users/UseR/Cyber-Bit-Byte-Welfare-Association-Website/vendor/laravel/framework/src/Illuminate/Foundation/Http/Middleware/ConvertEmptyStringsToNull.php(31): Illuminate\\Foundation\\Http\\Middleware\\TransformsRequest->handle()
#26 /mnt/c/Users/UseR/Cyber-Bit-Byte-Welfare-Association-Website/vendor/laravel/framework/src/Illuminate/Pipeline/Pipeline.php(183): Illuminate\\Foundation\\Http\\Middleware\\ConvertEmptyStringsToNull->handle()
#27 /mnt/c/Users/UseR/Cyber-Bit-Byte-Welfare-Association-Website/vendor/laravel/framework/src/Illuminate/Foundation/Http/Middleware/TransformsRequest.php(21): Illuminate\\Pipeline\\Pipeline->Illuminate\\Pipeline\\{closure}()
#28 /mnt/c/Users/UseR/Cyber-Bit-Byte-Welfare-Association-Website/vendor/laravel/framework/src/Illuminate/Foundation/Http/Middleware/TrimStrings.php(40): Illuminate\\Foundation\\Http\\Middleware\\TransformsRequest->handle()
#29 /mnt/c/Users/UseR/Cyber-Bit-Byte-Welfare-Association-Website/vendor/laravel/framework/src/Illuminate/Pipeline/Pipeline.php(183): Illuminate\\Foundation\\Http\\Middleware\\TrimStrings->handle()
#30 /mnt/c/Users/UseR/Cyber-Bit-Byte-Welfare-Association-Website/vendor/laravel/framework/src/Illuminate/Foundation/Http/Middleware/ValidatePostSize.php(27): Illuminate\\Pipeline\\Pipeline->Illuminate\\Pipeline\\{closure}()
#31 /mnt/c/Users/UseR/Cyber-Bit-Byte-Welfare-Association-Website/vendor/laravel/framework/src/Illuminate/Pipeline/Pipeline.php(183): Illuminate\\Foundation\\Http\\Middleware\\ValidatePostSize->handle()
#32 /mnt/c/Users/UseR/Cyber-Bit-Byte-Welfare-Association-Website/vendor/laravel/framework/src/Illuminate/Foundation/Http/Middleware/PreventRequestsDuringMaintenance.php(99): Illuminate\\Pipeline\\Pipeline->Illuminate\\Pipeline\\{closure}()
#33 /mnt/c/Users/UseR/Cyber-Bit-Byte-Welfare-Association-Website/vendor/laravel/framework/src/Illuminate/Pipeline/Pipeline.php(183): Illuminate\\Foundation\\Http\\Middleware\\PreventRequestsDuringMaintenance->handle()
#34 /mnt/c/Users/UseR/Cyber-Bit-Byte-Welfare-Association-Website/vendor/laravel/framework/src/Illuminate/Http/Middleware/HandleCors.php(49): Illuminate\\Pipeline\\Pipeline->Illuminate\\Pipeline\\{closure}()
#35 /mnt/c/Users/UseR/Cyber-Bit-Byte-Welfare-Association-Website/vendor/laravel/framework/src/Illuminate/Pipeline/Pipeline.php(183): Illuminate\\Http\\Middleware\\HandleCors->handle()
#36 /mnt/c/Users/UseR/Cyber-Bit-Byte-Welfare-Association-Website/vendor/laravel/framework/src/Illuminate/Http/Middleware/TrustProxies.php(39): Illuminate\\Pipeline\\Pipeline->Illuminate\\Pipeline\\{closure}()
#37 /mnt/c/Users/UseR/Cyber-Bit-Byte-Welfare-Association-Website/vendor/laravel/framework/src/Illuminate/Pipeline/Pipeline.php(183): Illuminate\\Http\\Middleware\\TrustProxies->handle()
#38 /mnt/c/Users/UseR/Cyber-Bit-Byte-Welfare-Association-Website/vendor/laravel/framework/src/Illuminate/Pipeline/Pipeline.php(119): Illuminate\\Pipeline\\Pipeline->Illuminate\\Pipeline\\{closure}()
#39 /mnt/c/Users/UseR/Cyber-Bit-Byte-Welfare-Association-Website/vendor/laravel/framework/src/Illuminate/Foundation/Http/Kernel.php(175): Illuminate\\Pipeline\\Pipeline->then()
#40 /mnt/c/Users/UseR/Cyber-Bit-Byte-Welfare-Association-Website/vendor/laravel/framework/src/Illuminate/Foundation/Http/Kernel.php(144): Illuminate\\Foundation\\Http\\Kernel->sendRequestThroughRouter()
#41 /mnt/c/Users/UseR/Cyber-Bit-Byte-Welfare-Association-Website/public/index.php(51): Illuminate\\Foundation\\Http\\Kernel->handle()
#42 /mnt/c/Users/UseR/Cyber-Bit-Byte-Welfare-Association-Website/vendor/laravel/framework/src/Illuminate/Foundation/resources/server.php(16): require_once('...')
#43 {main}
"} 
[2026-04-05 17:00:58] local.ERROR: file_put_contents(C:\Users\UseR\Cyber-Bit-Byte-Welfare-Association-Website\storage\framework/sessions/tSh287XxO955tl4G8xnQboQAUZVksuqSqptEcQbQ): Failed to open stream: No such file or directory {"exception":"[object] (ErrorException(code: 0): file_put_contents(C:\\Users\\UseR\\Cyber-Bit-Byte-Welfare-Association-Website\\storage\\framework/sessions/tSh287XxO955tl4G8xnQboQAUZVksuqSqptEcQbQ): Failed to open stream: No such file or directory at /mnt/c/Users/UseR/Cyber-Bit-Byte-Welfare-Association-Website/vendor/laravel/framework/src/Illuminate/Filesystem/Filesystem.php:204)
[stacktrace]
#0 /mnt/c/Users/UseR/Cyber-Bit-Byte-Welfare-Association-Website/vendor/laravel/framework/src/Illuminate/Foundation/Bootstrap/HandleExceptions.php(255): Illuminate\\Foundation\\Bootstrap\\HandleExceptions->handleError()
#1 [internal function]: Illuminate\\Foundation\\Bootstrap\\HandleExceptions->Illuminate\\Foundation\\Bootstrap\\{closure}()
#2 /mnt/c/Users/UseR/Cyber-Bit-Byte-Welfare-Association-Website/vendor/laravel/framework/src/Illuminate/Filesystem/Filesystem.php(204): file_put_contents()
#3 /mnt/c/Users/UseR/Cyber-Bit-Byte-Welfare-Association-Website/vendor/laravel/framework/src/Illuminate/Session/FileSessionHandler.php(90): Illuminate\\Filesystem\\Filesystem->put()
#4 /mnt/c/Users/UseR/Cyber-Bit-Byte-Welfare-Association-Website/vendor/laravel/framework/src/Illuminate/Session/Store.php(179): Illuminate\\Session\\FileSessionHandler->write()
#5 /mnt/c/Users/UseR/Cyber-Bit-Byte-Welfare-Association-Website/vendor/laravel/framework/src/Illuminate/Session/Middleware/StartSession.php(245): Illuminate\\Session\\Store->save()
#6 /mnt/c/Users/UseR/Cyber-Bit-Byte-Welfare-Association-Website/vendor/laravel/framework/src/Illuminate/Session/Middleware/StartSession.php(130): Illuminate\\Session\\Middleware\\StartSession->saveSession()
#7 /mnt/c/Users/UseR/Cyber-Bit-Byte-Welfare-Association-Website/vendor/laravel/framework/src/Illuminate/Session/Middleware/StartSession.php(64): Illuminate\\Session\\Middleware\\StartSession->handleStatefulRequest()
#8 /mnt/c/Users/UseR/Cyber-Bit-Byte-Welfare-Association-Website/vendor/laravel/framework/src/Illuminate/Pipeline/Pipeline.php(183): Illuminate\\Session\\Middleware\\StartSession->handle()
#9 /mnt/c/Users/UseR/Cyber-Bit-Byte-Welfare-Association-Website/vendor/laravel/framework/src/Illuminate/Cookie/Middleware/AddQueuedCookiesToResponse.php(37): Illuminate\\Pipeline\\Pipeline->Illuminate\\Pipeline\\{closure}()
#10 /mnt/c/Users/UseR/Cyber-Bit-Byte-Welfare-Association-Website/vendor/laravel/framework/src/Illuminate/Pipeline/Pipeline.php(183): Illuminate\\Cookie\\Middleware\\AddQueuedCookiesToResponse->handle()
#11 /mnt/c/Users/UseR/Cyber-Bit-Byte-Welfare-Association-Website/vendor/laravel/framework/src/Illuminate/Cookie/Middleware/EncryptCookies.php(67): Illuminate\\Pipeline\\Pipeline->Illuminate\\Pipeline\\{closure}()
#12 /mnt/c/Users/UseR/Cyber-Bit-Byte-Welfare-Association-Website/vendor/laravel/framework/src/Illuminate/Pipeline/Pipeline.php(183): Illuminate\\Cookie\\Middleware\\EncryptCookies->handle()
#13 /mnt/c/Users/UseR/Cyber-Bit-Byte-Welfare-Association-Website/vendor/filament/filament/src/Http/Middleware/SetUpPanel.php(19): Illuminate\\Pipeline\\Pipeline->Illuminate\\Pipeline\\{closure}()
#14 /mnt/c/Users/UseR/Cyber-Bit-Byte-Welfare-Association-Website/vendor/laravel/framework/src/Illuminate/Pipeline/Pipeline.php(183): Filament\\Http\\Middleware\\SetUpPanel->handle()
#15 /mnt/c/Users/UseR/Cyber-Bit-Byte-Welfare-Association-Website/vendor/laravel/framework/src/Illuminate/Pipeline/Pipeline.php(119): Illuminate\\Pipeline\\Pipeline->Illuminate\\Pipeline\\{closure}()
#16 /mnt/c/Users/UseR/Cyber-Bit-Byte-Welfare-Association-Website/vendor/laravel/framework/src/Illuminate/Routing/Router.php(805): Illuminate\\Pipeline\\Pipeline->then()
#17 /mnt/c/Users/UseR/Cyber-Bit-Byte-Welfare-Association-Website/vendor/laravel/framework/src/Illuminate/Routing/Router.php(784): Illuminate\\Routing\\Router->runRouteWithinStack()
#18 /mnt/c/Users/UseR/Cyber-Bit-Byte-Welfare-Association-Website/vendor/laravel/framework/src/Illuminate/Routing/Router.php(748): Illuminate\\Routing\\Router->runRoute()
#19 /mnt/c/Users/UseR/Cyber-Bit-Byte-Welfare-Association-Website/vendor/laravel/framework/src/Illuminate/Routing/Router.php(737): Illuminate\\Routing\\Router->dispatchToRoute()
#20 /mnt/c/Users/UseR/Cyber-Bit-Byte-Welfare-Association-Website/vendor/laravel/framework/src/Illuminate/Foundation/Http/Kernel.php(200): Illuminate\\Routing\\Router->dispatch()
#21 /mnt/c/Users/UseR/Cyber-Bit-Byte-Welfare-Association-Website/vendor/laravel/framework/src/Illuminate/Pipeline/Pipeline.php(144): Illuminate\\Foundation\\Http\\Kernel->Illuminate\\Foundation\\Http\\{closure}()
#22 /mnt/c/Users/UseR/Cyber-Bit-Byte-Welfare-Association-Website/vendor/livewire/livewire/src/Features/SupportDisablingBackButtonCache/DisableBackButtonCacheMiddleware.php(19): Illuminate\\Pipeline\\Pipeline->Illuminate\\Pipeline\\{closure}()
#23 /mnt/c/Users/UseR/Cyber-Bit-Byte-Welfare-Association-Website/vendor/laravel/framework/src/Illuminate/Pipeline/Pipeline.php(183): Livewire\\Features\\SupportDisablingBackButtonCache\\DisableBackButtonCacheMiddleware->handle()
#24 /mnt/c/Users/UseR/Cyber-Bit-Byte-Welfare-Association-Website/vendor/laravel/framework/src/Illuminate/Foundation/Http/Middleware/TransformsRequest.php(21): Illuminate\\Pipeline\\Pipeline->Illuminate\\Pipeline\\{closure}()
#25 /mnt/c/Users/UseR/Cyber-Bit-Byte-Welfare-Association-Website/vendor/laravel/framework/src/Illuminate/Foundation/Http/Middleware/ConvertEmptyStringsToNull.php(31): Illuminate\\Foundation\\Http\\Middleware\\TransformsRequest->handle()
#26 /mnt/c/Users/UseR/Cyber-Bit-Byte-Welfare-Association-Website/vendor/laravel/framework/src/Illuminate/Pipeline/Pipeline.php(183): Illuminate\\Foundation\\Http\\Middleware\\ConvertEmptyStringsToNull->handle()
#27 /mnt/c/Users/UseR/Cyber-Bit-Byte-Welfare-Association-Website/vendor/laravel/framework/src/Illuminate/Foundation/Http/Middleware/TransformsRequest.php(21): Illuminate\\Pipeline\\Pipeline->Illuminate\\Pipeline\\{closure}()
#28 /mnt/c/Users/UseR/Cyber-Bit-Byte-Welfare-Association-Website/vendor/laravel/framework/src/Illuminate/Foundation/Http/Middleware/TrimStrings.php(40): Illuminate\\Foundation\\Http\\Middleware\\TransformsRequest->handle()
#29 /mnt/c/Users/UseR/Cyber-Bit-Byte-Welfare-Association-Website/vendor/laravel/framework/src/Illuminate/Pipeline/Pipeline.php(183): Illuminate\\Foundation\\Http\\Middleware\\TrimStrings->handle()
#30 /mnt/c/Users/UseR/Cyber-Bit-Byte-Welfare-Association-Website/vendor/laravel/framework/src/Illuminate/Foundation/Http/Middleware/ValidatePostSize.php(27): Illuminate\\Pipeline\\Pipeline->Illuminate\\Pipeline\\{closure}()
#31 /mnt/c/Users/UseR/Cyber-Bit-Byte-Welfare-Association-Website/vendor/laravel/framework/src/Illuminate/Pipeline/Pipeline.php(183): Illuminate\\Foundation\\Http\\Middleware\\ValidatePostSize->handle()
#32 /mnt/c/Users/UseR/Cyber-Bit-Byte-Welfare-Association-Website/vendor/laravel/framework/src/Illuminate/Foundation/Http/Middleware/PreventRequestsDuringMaintenance.php(99): Illuminate\\Pipeline\\Pipeline->Illuminate\\Pipeline\\{closure}()
#33 /mnt/c/Users/UseR/Cyber-Bit-Byte-Welfare-Association-Website/vendor/laravel/framework/src/Illuminate/Pipeline/Pipeline.php(183): Illuminate\\Foundation\\Http\\Middleware\\PreventRequestsDuringMaintenance->handle()
#34 /mnt/c/Users/UseR/Cyber-Bit-Byte-Welfare-Association-Website/vendor/laravel/framework/src/Illuminate/Http/Middleware/HandleCors.php(49): Illuminate\\Pipeline\\Pipeline->Illuminate\\Pipeline\\{closure}()
#35 /mnt/c/Users/UseR/Cyber-Bit-Byte-Welfare-Association-Website/vendor/laravel/framework/src/Illuminate/Pipeline/Pipeline.php(183): Illuminate\\Http\\Middleware\\HandleCors->handle()
#36 /mnt/c/Users/UseR/Cyber-Bit-Byte-Welfare-Association-Website/vendor/laravel/framework/src/Illuminate/Http/Middleware/TrustProxies.php(39): Illuminate\\Pipeline\\Pipeline->Illuminate\\Pipeline\\{closure}()
#37 /mnt/c/Users/UseR/Cyber-Bit-Byte-Welfare-Association-Website/vendor/laravel/framework/src/Illuminate/Pipeline/Pipeline.php(183): Illuminate\\Http\\Middleware\\TrustProxies->handle()
#38 /mnt/c/Users/UseR/Cyber-Bit-Byte-Welfare-Association-Website/vendor/laravel/framework/src/Illuminate/Pipeline/Pipeline.php(119): Illuminate\\Pipeline\\Pipeline->Illuminate\\Pipeline\\{closure}()
#39 /mnt/c/Users/UseR/Cyber-Bit-Byte-Welfare-Association-Website/vendor/laravel/framework/src/Illuminate/Foundation/Http/Kernel.php(175): Illuminate\\Pipeline\\Pipeline->then()
#40 /mnt/c/Users/UseR/Cyber-Bit-Byte-Welfare-Association-Website/vendor/laravel/framework/src/Illuminate/Foundation/Http/Kernel.php(144): Illuminate\\Foundation\\Http\\Kernel->sendRequestThroughRouter()
#41 /mnt/c/Users/UseR/Cyber-Bit-Byte-Welfare-Association-Website/public/index.php(51): Illuminate\\Foundation\\Http\\Kernel->handle()
#42 /mnt/c/Users/UseR/Cyber-Bit-Byte-Welfare-Association-Website/vendor/laravel/framework/src/Illuminate/Foundation/resources/server.php(16): require_once('...')
#43 {main}
"} 
